# JRE version: OpenJDK Runtime Environment Temurin-21.0.12.1+1 (21.0.12.1+1) (build 21.0.12.1+1-LTS)
# Java VM: OpenJDK 64-Bit Server VM Temurin-21.0.12.1+1 (21.0.12.1+1-LTS, mixed mode, sharing, tiered, compressed oops, compressed class ptrs, g1 gc, windows-amd64)
GC Precious Log:
 CardTable entry size: 512
 Card Set container configuration: InlinePtr #cards 5 size 8 Array Of Cards #cards 12 size 40 Howl #buckets 4 coarsen threshold 1843 Howl Bitmap #cards 512 size 80 coarsen threshold 460 Card regions per heap region 1 cards per card region 2048
 CPUs: 12 total, 12 available
 Memory: 16027M
 Large Page Support: Disabled
 NUMA Support: Disabled
 Compressed Oops: Enabled (32-bit)
 Heap Region Size: 1M
 Heap Min Capacity: 256M
 Heap Initial Capacity: 256M
 Heap Max Capacity: 512M
 Pre-touch: Disabled
 Parallel Workers: 10
 Concurrent Workers: 3
 Concurrent Refinement Workers: 10
 Periodic GC: Disabled
Heap:
 garbage-first heap   total 262144K, used 29673K [0x00000000e0000000, 0x0000000100000000)
  region size 1024K, 1 young (1024K), 1 survivors (1024K)
 Metaspace       used 32493K, committed 33792K, reserved 393216K
  class space    used 4888K, committed 5504K, reserved 327680K
GC Heap History (20 events):
Event: 587.821 GC heap after
{Heap after GC invocations=3 (full 0):
 garbage-first heap   total 262144K, used 22262K [0x00000000e0000000, 0x0000000100000000)
  region size 1024K, 10 young (10240K), 10 survivors (10240K)
 Metaspace       used 15267K, committed 15680K, reserved 393216K
  class space    used 2071K, committed 2240K, reserved 327680K
}
Event: 605.446 GC heap before
{Heap before GC invocations=3 (full 0):
 garbage-first heap   total 262144K, used 61174K [0x00000000e0000000, 0x0000000100000000)
  region size 1024K, 49 young (50176K), 10 survivors (10240K)
 Metaspace       used 20861K, committed 21504K, reserved 393216K
  class space    used 2952K, committed 3264K, reserved 327680K
}
Event: 605.467 GC heap after
{Heap after GC invocations=4 (full 0):
 garbage-first heap   total 262144K, used 25161K [0x00000000e0000000, 0x0000000100000000)
  region size 1024K, 13 young (13312K), 13 survivors (13312K)
 Metaspace       used 20861K, committed 21504K, reserved 393216K
  class space    used 2952K, committed 3264K, reserved 327680K
}
Event: 15201.130 GC heap before
{Heap before GC invocations=5 (full 0):
 garbage-first heap   total 262144K, used 168521K [0x00000000e0000000, 0x0000000100000000)
  region size 1024K, 153 young (156672K), 13 survivors (13312K)
 Metaspace       used 32423K, committed 33728K, reserved 393216K
  class space    used 4888K, committed 5504K, reserved 327680K
}
Event: 15201.787 GC heap after
{Heap after GC invocations=6 (full 0):
 garbage-first heap   total 262144K, used 29895K [0x00000000e0000000, 0x0000000100000000)
  region size 1024K, 8 young (8192K), 8 survivors (8192K)
 Metaspace       used 32423K, committed 33728K, reserved 393216K
  class space    used 4888K, committed 5504K, reserved 327680K
}
Event: 15216.963 GC heap before
{Heap before GC invocations=6 (full 0):
 garbage-first heap   total 262144K, used 44231K [0x00000000e0000000, 0x0000000100000000)
  region size 1024K, 22 young (22528K), 8 survivors (8192K)
 Metaspace       used 32431K, committed 33728K, reserved 393216K
  class space    used 4888K, committed 5504K, reserved 327680K
}
Event: 15217.174 GC heap after
{Heap after GC invocations=7 (full 0):
 garbage-first heap   total 262144K, used 30398K [0x00000000e0000000, 0x0000000100000000)
  region size 1024K, 1 young (1024K), 1 survivors (1024K)
 Metaspace       used 32431K, committed 33728K, reserved 393216K
  class space    used 4888K, committed 5504K, reserved 327680K
}
Event: 15313.006 GC heap before
{Heap before GC invocations=7 (full 0):
 garbage-first heap   total 262144K, used 138942K [0x00000000e0000000, 0x0000000100000000)
  region size 1024K, 107 young (109568K), 1 survivors (1024K)
 Metaspace       used 32491K, committed 33792K, reserved 393216K
  class space    used 4888K, committed 5504K, reserved 327680K
}
Event: 15316.948 GC heap after
{Heap after GC invocations=8 (full 0):
 garbage-first heap   total 262144K, used 29831K [0x00000000e0000000, 0x0000000100000000)
  region size 1024K, 1 young (1024K), 1 survivors (1024K)
 Metaspace       used 32491K, committed 33792K, reserved 393216K
  class space    used 4888K, committed 5504K, reserved 327680K
}
Event: 15326.792 GC heap before
{Heap before GC invocations=8 (full 0):
 garbage-first heap   total 262144K, used 41095K [0x00000000e0000000, 0x0000000100000000)
  region size 1024K, 12 young (12288K), 1 survivors (1024K)
 Metaspace       used 32492K, committed 33792K, reserved 393216K
  class space    used 4888K, committed 5504K, reserved 327680K
}
Event: 15329.933 GC heap after
{Heap after GC invocations=9 (full 0):
 garbage-first heap   total 262144K, used 29723K [0x00000000e0000000, 0x0000000100000000)
  region size 1024K, 1 young (1024K), 1 survivors (1024K)
 Metaspace       used 32492K, committed 33792K, reserved 393216K
  class space    used 4888K, committed 5504K, reserved 327680K
}
Event: 15331.912 GC heap before
{Heap before GC invocations=9 (full 0):
 garbage-first heap   total 262144K, used 40987K [0x00000000e0000000, 0x0000000100000000)
  region size 1024K, 12 young (12288K), 1 survivors (1024K)
 Metaspace       used 32492K, committed 33792K, reserved 393216K
  class space    used 4888K, committed 5504K, reserved 327680K
}
Event: 15332.061 GC heap after
{Heap after GC invocations=10 (full 0):
 garbage-first heap   total 262144K, used 29432K [0x00000000e0000000, 0x0000000100000000)
  region size 1024K, 1 young (1024K), 1 survivors (1024K)
 Metaspace       used 32492K, committed 33792K, reserved 393216K
  class space    used 4888K, committed 5504K, reserved 327680K
}
Event: 15333.899 GC heap before
{Heap before GC invocations=10 (full 0):
 garbage-first heap   total 262144K, used 40696K [0x00000000e0000000, 0x0000000100000000)
  region size 1024K, 12 young (12288K), 1 survivors (1024K)
 Metaspace       used 32493K, committed 33792K, reserved 393216K
  class space    used 4888K, committed 5504K, reserved 327680K
}
Event: 15333.946 GC heap after
{Heap after GC invocations=11 (full 0):
 garbage-first heap   total 262144K, used 29420K [0x00000000e0000000, 0x0000000100000000)
  region size 1024K, 1 young (1024K), 1 survivors (1024K)
 Metaspace       used 32493K, committed 33792K, reserved 393216K
  class space    used 4888K, committed 5504K, reserved 327680K
}
Event: 15335.815 GC heap before
{Heap before GC invocations=11 (full 0):
 garbage-first heap   total 262144K, used 40684K [0x00000000e0000000, 0x0000000100000000)
  region size 1024K, 12 young (12288K), 1 survivors (1024K)
 Metaspace       used 32493K, committed 33792K, reserved 393216K
  class space    used 4888K, committed 5504K, reserved 327680K
}
Event: 15336.178 GC heap after
{Heap after GC invocations=12 (full 0):
 garbage-first heap   total 262144K, used 29675K [0x00000000e0000000, 0x0000000100000000)
  region size 1024K, 1 young (1024K), 1 survivors (1024K)
 Metaspace       used 32493K, committed 33792K, reserved 393216K
  class space    used 4888K, committed 5504K, reserved 327680K
}
Event: 15337.673 GC heap before
{Heap before GC invocations=12 (full 0):
 garbage-first heap   total 262144K, used 40939K [0x00000000e0000000, 0x0000000100000000)
  region size 1024K, 12 young (12288K), 1 survivors (1024K)
 Metaspace       used 32493K, committed 33792K, reserved 393216K
  class space    used 4888K, committed 5504K, reserved 327680K
}
Event: 15337.870 GC heap after
{Heap after GC invocations=13 (full 0):
 garbage-first heap   total 262144K, used 29683K [0x00000000e0000000, 0x0000000100000000)
  region size 1024K, 1 young (1024K), 1 survivors (1024K)
 Metaspace       used 32493K, committed 33792K, reserved 393216K
  class space    used 4888K, committed 5504K, reserved 327680K
}
Event: 15339.669 GC heap before
{Heap before GC invocations=13 (full 0):
 garbage-first heap   total 262144K, used 40947K [0x00000000e0000000, 0x0000000100000000)
  region size 1024K, 12 young (12288K), 1 survivors (1024K)
 Metaspace       used 32493K, committed 33792K, reserved 393216K
  class space    used 4888K, committed 5504K, reserved 327680K
}

