# JRE version: OpenJDK Runtime Environment Temurin-21.0.12.1+1 (21.0.12.1+1) (build 21.0.12.1+1-LTS)
# Java VM: OpenJDK 64-Bit Server VM Temurin-21.0.12.1+1 (21.0.12.1+1-LTS, mixed mode, sharing, tiered, compressed oops, compressed class ptrs, g1 gc, windows-amd64)
GC Precious Log:
 CardTable entry size: 512
 Card Set container configuration: InlinePtr #cards 5 size 8 Array Of Cards #cards 12 size 40 Howl #buckets 4 coarsen threshold 1843 Howl Bitmap #cards 512 size 80 coarsen threshold 460 Card regions per heap region 1 cards per card region 2048
 CPUs: 12 total, 12 available
 Memory: 16027M
 Large Page Support: Disabled
 NUMA Support: Disabled
 Compressed Oops: Enabled (32-bit)
 Heap Region Size: 1M
 Heap Min Capacity: 256M
 Heap Initial Capacity: 256M
 Heap Max Capacity: 512M
 Pre-touch: Disabled
 Parallel Workers: 10
 Concurrent Workers: 3
 Concurrent Refinement Workers: 10
 Periodic GC: Disabled
Heap:
 garbage-first heap   total 262144K, used 22630K [0x00000000e0000000, 0x0000000100000000)
  region size 1024K, 1 young (1024K), 1 survivors (1024K)
 Metaspace       used 15482K, committed 15872K, reserved 393216K
  class space    used 2071K, committed 2240K, reserved 327680K
GC Heap History (20 events):
Event: 15205.153 GC heap after
{Heap after GC invocations=3 (full 0):
 garbage-first heap   total 262144K, used 21916K [0x00000000e0000000, 0x0000000100000000)
  region size 1024K, 9 young (9216K), 9 survivors (9216K)
 Metaspace       used 13523K, committed 13888K, reserved 393216K
  class space    used 1789K, committed 1984K, reserved 327680K
}
Event: 15269.357 GC heap before
{Heap before GC invocations=3 (full 0):
 garbage-first heap   total 262144K, used 78236K [0x00000000e0000000, 0x0000000100000000)
  region size 1024K, 65 young (66560K), 9 survivors (9216K)
 Metaspace       used 14713K, committed 15104K, reserved 393216K
  class space    used 1964K, committed 2176K, reserved 327680K
}
Event: 15269.786 GC heap after
{Heap after GC invocations=4 (full 0):
 garbage-first heap   total 262144K, used 23211K [0x00000000e0000000, 0x0000000100000000)
  region size 1024K, 2 young (2048K), 2 survivors (2048K)
 Metaspace       used 14713K, committed 15104K, reserved 393216K
  class space    used 1964K, committed 2176K, reserved 327680K
}
Event: 15276.879 GC heap before
{Heap before GC invocations=4 (full 0):
 garbage-first heap   total 262144K, used 80555K [0x00000000e0000000, 0x0000000100000000)
  region size 1024K, 58 young (59392K), 2 survivors (2048K)
 Metaspace       used 14805K, committed 15232K, reserved 393216K
  class space    used 1977K, committed 2176K, reserved 327680K
}
Event: 15277.122 GC heap after
{Heap after GC invocations=5 (full 0):
 garbage-first heap   total 262144K, used 22518K [0x00000000e0000000, 0x0000000100000000)
  region size 1024K, 1 young (1024K), 1 survivors (1024K)
 Metaspace       used 14805K, committed 15232K, reserved 393216K
  class space    used 1977K, committed 2176K, reserved 327680K
}
Event: 15277.233 GC heap before
{Heap before GC invocations=5 (full 0):
 garbage-first heap   total 262144K, used 33782K [0x00000000e0000000, 0x0000000100000000)
  region size 1024K, 12 young (12288K), 1 survivors (1024K)
 Metaspace       used 14805K, committed 15232K, reserved 393216K
  class space    used 1977K, committed 2176K, reserved 327680K
}
Event: 15277.267 GC heap after
{Heap after GC invocations=6 (full 0):
 garbage-first heap   total 262144K, used 22462K [0x00000000e0000000, 0x0000000100000000)
  region size 1024K, 1 young (1024K), 1 survivors (1024K)
 Metaspace       used 14805K, committed 15232K, reserved 393216K
  class space    used 1977K, committed 2176K, reserved 327680K
}
Event: 15277.376 GC heap before
{Heap before GC invocations=6 (full 0):
 garbage-first heap   total 262144K, used 33726K [0x00000000e0000000, 0x0000000100000000)
  region size 1024K, 12 young (12288K), 1 survivors (1024K)
 Metaspace       used 14805K, committed 15232K, reserved 393216K
  class space    used 1977K, committed 2176K, reserved 327680K
}
Event: 15277.409 GC heap after
{Heap after GC invocations=7 (full 0):
 garbage-first heap   total 262144K, used 22209K [0x00000000e0000000, 0x0000000100000000)
  region size 1024K, 1 young (1024K), 1 survivors (1024K)
 Metaspace       used 14805K, committed 15232K, reserved 393216K
  class space    used 1977K, committed 2176K, reserved 327680K
}
Event: 15277.531 GC heap before
{Heap before GC invocations=7 (full 0):
 garbage-first heap   total 262144K, used 37569K [0x00000000e0000000, 0x0000000100000000)
  region size 1024K, 16 young (16384K), 1 survivors (1024K)
 Metaspace       used 14807K, committed 15232K, reserved 393216K
  class space    used 1978K, committed 2176K, reserved 327680K
}
Event: 15277.639 GC heap after
{Heap after GC invocations=8 (full 0):
 garbage-first heap   total 262144K, used 22174K [0x00000000e0000000, 0x0000000100000000)
  region size 1024K, 1 young (1024K), 1 survivors (1024K)
 Metaspace       used 14807K, committed 15232K, reserved 393216K
  class space    used 1978K, committed 2176K, reserved 327680K
}
Event: 15280.177 GC heap before
{Heap before GC invocations=8 (full 0):
 garbage-first heap   total 262144K, used 61086K [0x00000000e0000000, 0x0000000100000000)
  region size 1024K, 39 young (39936K), 1 survivors (1024K)
 Metaspace       used 14824K, committed 15232K, reserved 393216K
  class space    used 1980K, committed 2176K, reserved 327680K
}
Event: 15280.618 GC heap after
{Heap after GC invocations=9 (full 0):
 garbage-first heap   total 262144K, used 22215K [0x00000000e0000000, 0x0000000100000000)
  region size 1024K, 1 young (1024K), 1 survivors (1024K)
 Metaspace       used 14824K, committed 15232K, reserved 393216K
  class space    used 1980K, committed 2176K, reserved 327680K
}
Event: 15289.926 GC heap before
{Heap before GC invocations=9 (full 0):
 garbage-first heap   total 262144K, used 79559K [0x00000000e0000000, 0x0000000100000000)
  region size 1024K, 57 young (58368K), 1 survivors (1024K)
 Metaspace       used 14879K, committed 15232K, reserved 393216K
  class space    used 1984K, committed 2176K, reserved 327680K
}
Event: 15290.059 GC heap after
{Heap after GC invocations=10 (full 0):
 garbage-first heap   total 262144K, used 22207K [0x00000000e0000000, 0x0000000100000000)
  region size 1024K, 1 young (1024K), 1 survivors (1024K)
 Metaspace       used 14879K, committed 15232K, reserved 393216K
  class space    used 1984K, committed 2176K, reserved 327680K
}
Event: 15300.186 GC heap before
{Heap before GC invocations=10 (full 0):
 garbage-first heap   total 262144K, used 41663K [0x00000000e0000000, 0x0000000100000000)
  region size 1024K, 20 young (20480K), 1 survivors (1024K)
 Metaspace       used 14960K, committed 15360K, reserved 393216K
  class space    used 1995K, committed 2176K, reserved 327680K
}
Event: 15300.241 GC heap after
{Heap after GC invocations=11 (full 0):
 garbage-first heap   total 262144K, used 22364K [0x00000000e0000000, 0x0000000100000000)
  region size 1024K, 1 young (1024K), 1 survivors (1024K)
 Metaspace       used 14960K, committed 15360K, reserved 393216K
  class space    used 1995K, committed 2176K, reserved 327680K
}
Event: 15303.051 GC heap before
{Heap before GC invocations=11 (full 0):
 garbage-first heap   total 262144K, used 64348K [0x00000000e0000000, 0x0000000100000000)
  region size 1024K, 42 young (43008K), 1 survivors (1024K)
 Metaspace       used 15016K, committed 15424K, reserved 393216K
  class space    used 1996K, committed 2176K, reserved 327680K
}
Event: 15303.838 GC heap after
{Heap after GC invocations=12 (full 0):
 garbage-first heap   total 262144K, used 22238K [0x00000000e0000000, 0x0000000100000000)
  region size 1024K, 1 young (1024K), 1 survivors (1024K)
 Metaspace       used 15016K, committed 15424K, reserved 393216K
  class space    used 1996K, committed 2176K, reserved 327680K
}
Event: 15356.400 GC heap before
{Heap before GC invocations=12 (full 0):
 garbage-first heap   total 262144K, used 104158K [0x00000000e0000000, 0x0000000100000000)
  region size 1024K, 81 young (82944K), 1 survivors (1024K)
 Metaspace       used 15482K, committed 15872K, reserved 393216K
  class space    used 2071K, committed 2240K, reserved 327680K
}

