# JRE version: OpenJDK Runtime Environment Temurin-21.0.12.1+1 (21.0.12.1+1) (build 21.0.12.1+1-LTS)
# Java VM: OpenJDK 64-Bit Server VM Temurin-21.0.12.1+1 (21.0.12.1+1-LTS, mixed mode, sharing, tiered, compressed oops, compressed class ptrs, g1 gc, windows-amd64)
GC Precious Log:
 CardTable entry size: 512
 Card Set container configuration: InlinePtr #cards 5 size 8 Array Of Cards #cards 12 size 40 Howl #buckets 4 coarsen threshold 1843 Howl Bitmap #cards 512 size 80 coarsen threshold 460 Card regions per heap region 1 cards per card region 2048
 CPUs: 12 total, 12 available
 Memory: 16027M
 Large Page Support: Disabled
 NUMA Support: Disabled
 Compressed Oops: Enabled (32-bit)
 Heap Region Size: 1M
 Heap Min Capacity: 256M
 Heap Initial Capacity: 256M
 Heap Max Capacity: 512M
 Pre-touch: Disabled
 Parallel Workers: 10
 Concurrent Workers: 3
 Concurrent Refinement Workers: 10
 Periodic GC: Disabled
Heap:
 garbage-first heap   total 262144K, used 22943K [0x00000000e0000000, 0x0000000100000000)
  region size 1024K, 1 young (1024K), 1 survivors (1024K)
 Metaspace       used 17135K, committed 17664K, reserved 393216K
  class space    used 2309K, committed 2560K, reserved 327680K
GC Heap History (20 events):
Event: 95.528 GC heap after
{Heap after GC invocations=1 (full 0):
 garbage-first heap   total 262144K, used 11199K [0x00000000e0000000, 0x0000000100000000)
  region size 1024K, 3 young (3072K), 3 survivors (3072K)
 Metaspace       used 2977K, committed 3136K, reserved 393216K
  class space    used 355K, committed 448K, reserved 327680K
}
Event: 269.836 GC heap before
{Heap before GC invocations=1 (full 0):
 garbage-first heap   total 262144K, used 37823K [0x00000000e0000000, 0x0000000100000000)
  region size 1024K, 29 young (29696K), 3 survivors (3072K)
 Metaspace       used 4684K, committed 4864K, reserved 393216K
  class space    used 599K, committed 704K, reserved 327680K
}
Event: 269.841 GC heap after
{Heap after GC invocations=2 (full 0):
 garbage-first heap   total 262144K, used 12799K [0x00000000e0000000, 0x0000000100000000)
  region size 1024K, 2 young (2048K), 2 survivors (2048K)
 Metaspace       used 4684K, committed 4864K, reserved 393216K
  class space    used 599K, committed 704K, reserved 327680K
}
Event: 769.216 GC heap before
{Heap before GC invocations=2 (full 0):
 garbage-first heap   total 262144K, used 111103K [0x00000000e0000000, 0x0000000100000000)
  region size 1024K, 97 young (99328K), 2 survivors (2048K)
 Metaspace       used 14960K, committed 15424K, reserved 393216K
  class space    used 2015K, committed 2240K, reserved 327680K
}
Event: 769.353 GC heap after
{Heap after GC invocations=3 (full 0):
 garbage-first heap   total 262144K, used 22025K [0x00000000e0000000, 0x0000000100000000)
  region size 1024K, 10 young (10240K), 10 survivors (10240K)
 Metaspace       used 14960K, committed 15424K, reserved 393216K
  class space    used 2015K, committed 2240K, reserved 327680K
}
Event: 15318.487 GC heap before
{Heap before GC invocations=3 (full 0):
 garbage-first heap   total 262144K, used 125449K [0x00000000e0000000, 0x0000000100000000)
  region size 1024K, 112 young (114688K), 10 survivors (10240K)
 Metaspace       used 17123K, committed 17664K, reserved 393216K
  class space    used 2306K, committed 2560K, reserved 327680K
}
Event: 15330.712 GC heap after
{Heap after GC invocations=4 (full 0):
 garbage-first heap   total 262144K, used 23666K [0x00000000e0000000, 0x0000000100000000)
  region size 1024K, 2 young (2048K), 2 survivors (2048K)
 Metaspace       used 17123K, committed 17664K, reserved 393216K
  class space    used 2306K, committed 2560K, reserved 327680K
}
Event: 15341.452 GC heap before
{Heap before GC invocations=4 (full 0):
 garbage-first heap   total 262144K, used 33906K [0x00000000e0000000, 0x0000000100000000)
  region size 1024K, 12 young (12288K), 2 survivors (2048K)
 Metaspace       used 17128K, committed 17664K, reserved 393216K
  class space    used 2308K, committed 2560K, reserved 327680K
}
Event: 15342.213 GC heap after
{Heap after GC invocations=5 (full 0):
 garbage-first heap   total 262144K, used 23250K [0x00000000e0000000, 0x0000000100000000)
  region size 1024K, 2 young (2048K), 2 survivors (2048K)
 Metaspace       used 17128K, committed 17664K, reserved 393216K
  class space    used 2308K, committed 2560K, reserved 327680K
}
Event: 15345.336 GC heap before
{Heap before GC invocations=5 (full 0):
 garbage-first heap   total 262144K, used 33490K [0x00000000e0000000, 0x0000000100000000)
  region size 1024K, 12 young (12288K), 2 survivors (2048K)
 Metaspace       used 17129K, committed 17664K, reserved 393216K
  class space    used 2308K, committed 2560K, reserved 327680K
}
Event: 15345.598 GC heap after
{Heap after GC invocations=6 (full 0):
 garbage-first heap   total 262144K, used 23228K [0x00000000e0000000, 0x0000000100000000)
  region size 1024K, 2 young (2048K), 2 survivors (2048K)
 Metaspace       used 17129K, committed 17664K, reserved 393216K
  class space    used 2308K, committed 2560K, reserved 327680K
}
Event: 15345.908 GC heap before
{Heap before GC invocations=6 (full 0):
 garbage-first heap   total 262144K, used 33468K [0x00000000e0000000, 0x0000000100000000)
  region size 1024K, 12 young (12288K), 2 survivors (2048K)
 Metaspace       used 17130K, committed 17664K, reserved 393216K
  class space    used 2308K, committed 2560K, reserved 327680K
}
Event: 15346.181 GC heap after
{Heap after GC invocations=7 (full 0):
 garbage-first heap   total 262144K, used 22942K [0x00000000e0000000, 0x0000000100000000)
  region size 1024K, 1 young (1024K), 1 survivors (1024K)
 Metaspace       used 17130K, committed 17664K, reserved 393216K
  class space    used 2308K, committed 2560K, reserved 327680K
}
Event: 15346.676 GC heap before
{Heap before GC invocations=7 (full 0):
 garbage-first heap   total 262144K, used 34206K [0x00000000e0000000, 0x0000000100000000)
  region size 1024K, 12 young (12288K), 1 survivors (1024K)
 Metaspace       used 17135K, committed 17664K, reserved 393216K
  class space    used 2309K, committed 2560K, reserved 327680K
}
Event: 15347.004 GC heap after
{Heap after GC invocations=8 (full 0):
 garbage-first heap   total 262144K, used 23031K [0x00000000e0000000, 0x0000000100000000)
  region size 1024K, 1 young (1024K), 1 survivors (1024K)
 Metaspace       used 17135K, committed 17664K, reserved 393216K
  class space    used 2309K, committed 2560K, reserved 327680K
}
Event: 15348.017 GC heap before
{Heap before GC invocations=8 (full 0):
 garbage-first heap   total 262144K, used 34295K [0x00000000e0000000, 0x0000000100000000)
  region size 1024K, 12 young (12288K), 1 survivors (1024K)
 Metaspace       used 17135K, committed 17664K, reserved 393216K
  class space    used 2309K, committed 2560K, reserved 327680K
}
Event: 15348.074 GC heap after
{Heap after GC invocations=9 (full 0):
 garbage-first heap   total 262144K, used 22973K [0x00000000e0000000, 0x0000000100000000)
  region size 1024K, 1 young (1024K), 1 survivors (1024K)
 Metaspace       used 17135K, committed 17664K, reserved 393216K
  class space    used 2309K, committed 2560K, reserved 327680K
}
Event: 15348.153 GC heap before
{Heap before GC invocations=9 (full 0):
 garbage-first heap   total 262144K, used 34237K [0x00000000e0000000, 0x0000000100000000)
  region size 1024K, 12 young (12288K), 1 survivors (1024K)
 Metaspace       used 17135K, committed 17664K, reserved 393216K
  class space    used 2309K, committed 2560K, reserved 327680K
}
Event: 15348.258 GC heap after
{Heap after GC invocations=10 (full 0):
 garbage-first heap   total 262144K, used 22933K [0x00000000e0000000, 0x0000000100000000)
  region size 1024K, 1 young (1024K), 1 survivors (1024K)
 Metaspace       used 17135K, committed 17664K, reserved 393216K
  class space    used 2309K, committed 2560K, reserved 327680K
}
Event: 15348.350 GC heap before
{Heap before GC invocations=10 (full 0):
 garbage-first heap   total 262144K, used 34197K [0x00000000e0000000, 0x0000000100000000)
  region size 1024K, 12 young (12288K), 1 survivors (1024K)
 Metaspace       used 17135K, committed 17664K, reserved 393216K
  class space    used 2309K, committed 2560K, reserved 327680K
}

