# JRE version: OpenJDK Runtime Environment Temurin-21.0.12.1+1 (21.0.12.1+1) (build 21.0.12.1+1-LTS)
# Java VM: OpenJDK 64-Bit Server VM Temurin-21.0.12.1+1 (21.0.12.1+1-LTS, mixed mode, sharing, tiered, compressed oops, compressed class ptrs, g1 gc, windows-amd64)
GC Precious Log:
 CardTable entry size: 512
 Card Set container configuration: InlinePtr #cards 5 size 8 Array Of Cards #cards 12 size 40 Howl #buckets 4 coarsen threshold 1843 Howl Bitmap #cards 512 size 80 coarsen threshold 460 Card regions per heap region 1 cards per card region 2048
 CPUs: 12 total, 12 available
 Memory: 16027M
 Large Page Support: Disabled
 NUMA Support: Disabled
 Compressed Oops: Enabled (32-bit)
 Heap Region Size: 1M
 Heap Min Capacity: 256M
 Heap Initial Capacity: 256M
 Heap Max Capacity: 512M
 Pre-touch: Disabled
 Parallel Workers: 10
 Concurrent Workers: 3
 Concurrent Refinement Workers: 10
 Periodic GC: Disabled
Heap:
 garbage-first heap   total 262144K, used 40247K [0x00000000e0000000, 0x0000000100000000)
  region size 1024K, 1 young (1024K), 1 survivors (1024K)
 Metaspace       used 50671K, committed 52672K, reserved 393216K
  class space    used 7666K, committed 8640K, reserved 327680K
GC Heap History (20 events):
Event: 500.662 GC heap after
{Heap after GC invocations=4 (full 0):
 garbage-first heap   total 262144K, used 24670K [0x00000000e0000000, 0x0000000100000000)
  region size 1024K, 12 young (12288K), 12 survivors (12288K)
 Metaspace       used 20828K, committed 21504K, reserved 393216K
  class space    used 2954K, committed 3264K, reserved 327680K
}
Event: 567.128 GC heap before
{Heap before GC invocations=5 (full 0):
 garbage-first heap   total 262144K, used 137310K [0x00000000e0000000, 0x0000000100000000)
  region size 1024K, 124 young (126976K), 12 survivors (12288K)
 Metaspace       used 34853K, committed 36288K, reserved 393216K
  class space    used 5158K, committed 5888K, reserved 327680K
}
Event: 567.199 GC heap after
{Heap after GC invocations=6 (full 0):
 garbage-first heap   total 262144K, used 31324K [0x00000000e0000000, 0x0000000100000000)
  region size 1024K, 9 young (9216K), 9 survivors (9216K)
 Metaspace       used 34853K, committed 36288K, reserved 393216K
  class space    used 5158K, committed 5888K, reserved 327680K
}
Event: 567.905 GC heap before
{Heap before GC invocations=6 (full 0):
 garbage-first heap   total 262144K, used 32348K [0x00000000e0000000, 0x0000000100000000)
  region size 1024K, 11 young (11264K), 9 survivors (9216K)
 Metaspace       used 35190K, committed 36608K, reserved 393216K
  class space    used 5176K, committed 5888K, reserved 327680K
}
Event: 567.917 GC heap after
{Heap after GC invocations=7 (full 0):
 garbage-first heap   total 262144K, used 31744K [0x00000000e0000000, 0x0000000100000000)
  region size 1024K, 8 young (8192K), 8 survivors (8192K)
 Metaspace       used 35190K, committed 36608K, reserved 393216K
  class space    used 5176K, committed 5888K, reserved 327680K
}
Event: 568.517 GC heap before
{Heap before GC invocations=7 (full 0):
 garbage-first heap   total 262144K, used 33792K [0x00000000e0000000, 0x0000000100000000)
  region size 1024K, 11 young (11264K), 8 survivors (8192K)
 Metaspace       used 35604K, committed 36928K, reserved 393216K
  class space    used 5239K, committed 5888K, reserved 327680K
}
Event: 568.527 GC heap after
{Heap after GC invocations=8 (full 0):
 garbage-first heap   total 262144K, used 32204K [0x00000000e0000000, 0x0000000100000000)
  region size 1024K, 9 young (9216K), 9 survivors (9216K)
 Metaspace       used 35604K, committed 36928K, reserved 393216K
  class space    used 5239K, committed 5888K, reserved 327680K
}
Event: 772.656 GC heap before
{Heap before GC invocations=9 (full 0):
 garbage-first heap   total 262144K, used 179660K [0x00000000e0000000, 0x0000000100000000)
  region size 1024K, 153 young (156672K), 9 survivors (9216K)
 Metaspace       used 48740K, committed 50688K, reserved 393216K
  class space    used 7353K, committed 8320K, reserved 327680K
}
Event: 772.865 GC heap after
{Heap after GC invocations=10 (full 0):
 garbage-first heap   total 262144K, used 40960K [0x00000000e0000000, 0x0000000100000000)
  region size 1024K, 17 young (17408K), 17 survivors (17408K)
 Metaspace       used 48740K, committed 50688K, reserved 393216K
  class space    used 7353K, committed 8320K, reserved 327680K
}
Event: 15331.727 GC heap before
{Heap before GC invocations=10 (full 0):
 garbage-first heap   total 262144K, used 172032K [0x00000000e0000000, 0x0000000100000000)
  region size 1024K, 145 young (148480K), 17 survivors (17408K)
 Metaspace       used 50652K, committed 52672K, reserved 393216K
  class space    used 7663K, committed 8640K, reserved 327680K
}
Event: 15353.914 GC heap after
{Heap after GC invocations=11 (full 0):
 garbage-first heap   total 262144K, used 40725K [0x00000000e0000000, 0x0000000100000000)
  region size 1024K, 10 young (10240K), 10 survivors (10240K)
 Metaspace       used 50652K, committed 52672K, reserved 393216K
  class space    used 7663K, committed 8640K, reserved 327680K
}
Event: 15354.489 GC heap before
{Heap before GC invocations=11 (full 0):
 garbage-first heap   total 262144K, used 42773K [0x00000000e0000000, 0x0000000100000000)
  region size 1024K, 12 young (12288K), 10 survivors (10240K)
 Metaspace       used 50652K, committed 52672K, reserved 393216K
  class space    used 7663K, committed 8640K, reserved 327680K
}
Event: 15355.271 GC heap after
{Heap after GC invocations=12 (full 0):
 garbage-first heap   total 262144K, used 41163K [0x00000000e0000000, 0x0000000100000000)
  region size 1024K, 2 young (2048K), 2 survivors (2048K)
 Metaspace       used 50652K, committed 52672K, reserved 393216K
  class space    used 7663K, committed 8640K, reserved 327680K
}
Event: 15361.404 GC heap before
{Heap before GC invocations=12 (full 0):
 garbage-first heap   total 262144K, used 51403K [0x00000000e0000000, 0x0000000100000000)
  region size 1024K, 12 young (12288K), 2 survivors (2048K)
 Metaspace       used 50667K, committed 52672K, reserved 393216K
  class space    used 7665K, committed 8640K, reserved 327680K
}
Event: 15362.211 GC heap after
{Heap after GC invocations=13 (full 0):
 garbage-first heap   total 262144K, used 40345K [0x00000000e0000000, 0x0000000100000000)
  region size 1024K, 1 young (1024K), 1 survivors (1024K)
 Metaspace       used 50667K, committed 52672K, reserved 393216K
  class space    used 7665K, committed 8640K, reserved 327680K
}
Event: 15363.800 GC heap before
{Heap before GC invocations=13 (full 0):
 garbage-first heap   total 262144K, used 51609K [0x00000000e0000000, 0x0000000100000000)
  region size 1024K, 12 young (12288K), 1 survivors (1024K)
 Metaspace       used 50671K, committed 52672K, reserved 393216K
  class space    used 7666K, committed 8640K, reserved 327680K
}
Event: 15363.982 GC heap after
{Heap after GC invocations=14 (full 0):
 garbage-first heap   total 262144K, used 40328K [0x00000000e0000000, 0x0000000100000000)
  region size 1024K, 1 young (1024K), 1 survivors (1024K)
 Metaspace       used 50671K, committed 52672K, reserved 393216K
  class space    used 7666K, committed 8640K, reserved 327680K
}
Event: 15364.424 GC heap before
{Heap before GC invocations=14 (full 0):
 garbage-first heap   total 262144K, used 51592K [0x00000000e0000000, 0x0000000100000000)
  region size 1024K, 12 young (12288K), 1 survivors (1024K)
 Metaspace       used 50671K, committed 52672K, reserved 393216K
  class space    used 7666K, committed 8640K, reserved 327680K
}
Event: 15364.660 GC heap after
{Heap after GC invocations=15 (full 0):
 garbage-first heap   total 262144K, used 40026K [0x00000000e0000000, 0x0000000100000000)
  region size 1024K, 1 young (1024K), 1 survivors (1024K)
 Metaspace       used 50671K, committed 52672K, reserved 393216K
  class space    used 7666K, committed 8640K, reserved 327680K
}
Event: 15365.177 GC heap before
{Heap before GC invocations=15 (full 0):
 garbage-first heap   total 262144K, used 51290K [0x00000000e0000000, 0x0000000100000000)
  region size 1024K, 12 young (12288K), 1 survivors (1024K)
 Metaspace       used 50671K, committed 52672K, reserved 393216K
  class space    used 7666K, committed 8640K, reserved 327680K
}

