# JRE version: OpenJDK Runtime Environment Temurin-21.0.12.1+1 (21.0.12.1+1) (build 21.0.12.1+1-LTS)
# Java VM: OpenJDK 64-Bit Server VM Temurin-21.0.12.1+1 (21.0.12.1+1-LTS, mixed mode, sharing, tiered, compressed oops, compressed class ptrs, parallel gc, windows-amd64)
GC Precious Log:
 CardTable entry size: 512
 CPUs: 12 total, 12 available
 Memory: 16027M
 Large Page Support: Disabled
 NUMA Support: Disabled
 Compressed Oops: Enabled (32-bit)
 Alignments: Space 512K, Generation 512K, Heap 2M
 Heap Min Capacity: 100M
 Heap Initial Capacity: 100M
 Heap Max Capacity: 2G
 Pre-touch: Disabled
 Parallel Workers: 10
Heap:
 PSYoungGen      total 24576K, used 4873K [0x00000000d5580000, 0x00000000d7400000, 0x0000000100000000)
  eden space 22016K, 20% used [0x00000000d5580000,0x00000000d59da4f0,0x00000000d6b00000)
  from space 2560K, 16% used [0x00000000d6f00000,0x00000000d6f68000,0x00000000d7180000)
  to   space 1536K, 0% used [0x00000000d7280000,0x00000000d7280000,0x00000000d7400000)
 ParOldGen       total 71168K, used 69108K [0x0000000080000000, 0x0000000084580000, 0x00000000d5580000)
  object space 71168K, 97% used [0x0000000080000000,0x000000008437d1b8,0x0000000084580000)
 Metaspace       used 73654K, committed 75136K, reserved 1179648K
  class space    used 8527K, committed 9152K, reserved 1048576K
GC Heap History (20 events):
Event: 107.105 GC heap before
{Heap before GC invocations=53 (full 3):
 PSYoungGen      total 22528K, used 416K [0x00000000d5580000, 0x00000000d7680000, 0x0000000100000000)
  eden space 22016K, 0% used [0x00000000d5580000,0x00000000d5580000,0x00000000d6b00000)
  from space 512K, 81% used [0x00000000d7600000,0x00000000d7668000,0x00000000d7680000)
  to   space 4096K, 0% used [0x00000000d6e80000,0x00000000d6e80000,0x00000000d7280000)
 ParOldGen       total 71168K, used 70996K [0x0000000080000000, 0x0000000084580000, 0x00000000d5580000)
  object space 71168K, 99% used [0x0000000080000000,0x00000000845551d8,0x0000000084580000)
 Metaspace       used 58548K, committed 59776K, reserved 1114112K
  class space    used 6570K, committed 7104K, reserved 1048576K
}
Event: 107.205 GC heap after
{Heap after GC invocations=53 (full 3):
 PSYoungGen      total 22528K, used 0K [0x00000000d5580000, 0x00000000d7680000, 0x0000000100000000)
  eden space 22016K, 0% used [0x00000000d5580000,0x00000000d5580000,0x00000000d6b00000)
  from space 512K, 0% used [0x00000000d7600000,0x00000000d7600000,0x00000000d7680000)
  to   space 4096K, 0% used [0x00000000d6e80000,0x00000000d6e80000,0x00000000d7280000)
 ParOldGen       total 71168K, used 59253K [0x0000000080000000, 0x0000000084580000, 0x00000000d5580000)
  object space 71168K, 83% used [0x0000000080000000,0x00000000839dd550,0x0000000084580000)
 Metaspace       used 58548K, committed 59776K, reserved 1114112K
  class space    used 6570K, committed 7104K, reserved 1048576K
}
Event: 108.101 GC heap before
{Heap before GC invocations=54 (full 3):
 PSYoungGen      total 22528K, used 22016K [0x00000000d5580000, 0x00000000d7680000, 0x0000000100000000)
  eden space 22016K, 100% used [0x00000000d5580000,0x00000000d6b00000,0x00000000d6b00000)
  from space 512K, 0% used [0x00000000d7600000,0x00000000d7600000,0x00000000d7680000)
  to   space 4096K, 0% used [0x00000000d6e80000,0x00000000d6e80000,0x00000000d7280000)
 ParOldGen       total 71168K, used 59253K [0x0000000080000000, 0x0000000084580000, 0x00000000d5580000)
  object space 71168K, 83% used [0x0000000080000000,0x00000000839dd550,0x0000000084580000)
 Metaspace       used 60882K, committed 62272K, reserved 1114112K
  class space    used 6957K, committed 7552K, reserved 1048576K
}
Event: 108.102 GC heap after
{Heap after GC invocations=54 (full 3):
 PSYoungGen      total 26112K, used 864K [0x00000000d5580000, 0x00000000d7680000, 0x0000000100000000)
  eden space 22016K, 0% used [0x00000000d5580000,0x00000000d5580000,0x00000000d6b00000)
  from space 4096K, 21% used [0x00000000d6e80000,0x00000000d6f58000,0x00000000d7280000)
  to   space 1536K, 0% used [0x00000000d7500000,0x00000000d7500000,0x00000000d7680000)
 ParOldGen       total 71168K, used 59261K [0x0000000080000000, 0x0000000084580000, 0x00000000d5580000)
  object space 71168K, 83% used [0x0000000080000000,0x00000000839df550,0x0000000084580000)
 Metaspace       used 60882K, committed 62272K, reserved 1114112K
  class space    used 6957K, committed 7552K, reserved 1048576K
}
Event: 109.310 GC heap before
{Heap before GC invocations=55 (full 3):
 PSYoungGen      total 26112K, used 22880K [0x00000000d5580000, 0x00000000d7680000, 0x0000000100000000)
  eden space 22016K, 100% used [0x00000000d5580000,0x00000000d6b00000,0x00000000d6b00000)
  from space 4096K, 21% used [0x00000000d6e80000,0x00000000d6f58000,0x00000000d7280000)
  to   space 1536K, 0% used [0x00000000d7500000,0x00000000d7500000,0x00000000d7680000)
 ParOldGen       total 71168K, used 59261K [0x0000000080000000, 0x0000000084580000, 0x00000000d5580000)
  object space 71168K, 83% used [0x0000000080000000,0x00000000839df550,0x0000000084580000)
 Metaspace       used 63589K, committed 64960K, reserved 1114112K
  class space    used 7381K, committed 7936K, reserved 1048576K
}
Event: 109.312 GC heap after
{Heap after GC invocations=55 (full 3):
 PSYoungGen      total 23040K, used 832K [0x00000000d5580000, 0x00000000d7600000, 0x0000000100000000)
  eden space 22016K, 0% used [0x00000000d5580000,0x00000000d5580000,0x00000000d6b00000)
  from space 1024K, 81% used [0x00000000d7500000,0x00000000d75d0020,0x00000000d7600000)
  to   space 1024K, 0% used [0x00000000d7400000,0x00000000d7400000,0x00000000d7500000)
 ParOldGen       total 71168K, used 59973K [0x0000000080000000, 0x0000000084580000, 0x00000000d5580000)
  object space 71168K, 84% used [0x0000000080000000,0x0000000083a91560,0x0000000084580000)
 Metaspace       used 63589K, committed 64960K, reserved 1114112K
  class space    used 7381K, committed 7936K, reserved 1048576K
}
Event: 353.223 GC heap before
{Heap before GC invocations=56 (full 3):
 PSYoungGen      total 23040K, used 22792K [0x00000000d5580000, 0x00000000d7600000, 0x0000000100000000)
  eden space 22016K, 99% used [0x00000000d5580000,0x00000000d6af22f8,0x00000000d6b00000)
  from space 1024K, 81% used [0x00000000d7500000,0x00000000d75d0020,0x00000000d7600000)
  to   space 1024K, 0% used [0x00000000d7400000,0x00000000d7400000,0x00000000d7500000)
 ParOldGen       total 71168K, used 59973K [0x0000000080000000, 0x0000000084580000, 0x00000000d5580000)
  object space 71168K, 84% used [0x0000000080000000,0x0000000083a91560,0x0000000084580000)
 Metaspace       used 65655K, committed 67008K, reserved 1114112K
  class space    used 7669K, committed 8256K, reserved 1048576K
}
Event: 353.267 GC heap after
{Heap after GC invocations=56 (full 3):
 PSYoungGen      total 23040K, used 1024K [0x00000000d5580000, 0x00000000d7580000, 0x0000000100000000)
  eden space 22016K, 0% used [0x00000000d5580000,0x00000000d5580000,0x00000000d6b00000)
  from space 1024K, 100% used [0x00000000d7400000,0x00000000d7500000,0x00000000d7500000)
  to   space 512K, 0% used [0x00000000d7500000,0x00000000d7500000,0x00000000d7580000)
 ParOldGen       total 71168K, used 60628K [0x0000000080000000, 0x0000000084580000, 0x00000000d5580000)
  object space 71168K, 85% used [0x0000000080000000,0x0000000083b35290,0x0000000084580000)
 Metaspace       used 65655K, committed 67008K, reserved 1114112K
  class space    used 7669K, committed 8256K, reserved 1048576K
}
Event: 381.209 GC heap before
{Heap before GC invocations=57 (full 3):
 PSYoungGen      total 23040K, used 23040K [0x00000000d5580000, 0x00000000d7580000, 0x0000000100000000)
  eden space 22016K, 100% used [0x00000000d5580000,0x00000000d6b00000,0x00000000d6b00000)
  from space 1024K, 100% used [0x00000000d7400000,0x00000000d7500000,0x00000000d7500000)
  to   space 512K, 0% used [0x00000000d7500000,0x00000000d7500000,0x00000000d7580000)
 ParOldGen       total 71168K, used 60628K [0x0000000080000000, 0x0000000084580000, 0x00000000d5580000)
  object space 71168K, 85% used [0x0000000080000000,0x0000000083b35290,0x0000000084580000)
 Metaspace       used 67518K, committed 68992K, reserved 1114112K
  class space    used 7912K, committed 8512K, reserved 1048576K
}
Event: 381.226 GC heap after
{Heap after GC invocations=57 (full 3):
 PSYoungGen      total 22528K, used 508K [0x00000000d5580000, 0x00000000d7580000, 0x0000000100000000)
  eden space 22016K, 0% used [0x00000000d5580000,0x00000000d5580000,0x00000000d6b00000)
  from space 512K, 99% used [0x00000000d7500000,0x00000000d757f340,0x00000000d7580000)
  to   space 4608K, 0% used [0x00000000d6c80000,0x00000000d6c80000,0x00000000d7100000)
 ParOldGen       total 71168K, used 64019K [0x0000000080000000, 0x0000000084580000, 0x00000000d5580000)
  object space 71168K, 89% used [0x0000000080000000,0x0000000083e84d68,0x0000000084580000)
 Metaspace       used 67518K, committed 68992K, reserved 1114112K
  class space    used 7912K, committed 8512K, reserved 1048576K
}
Event: 389.609 GC heap before
{Heap before GC invocations=58 (full 3):
 PSYoungGen      total 22528K, used 22524K [0x00000000d5580000, 0x00000000d7580000, 0x0000000100000000)
  eden space 22016K, 100% used [0x00000000d5580000,0x00000000d6b00000,0x00000000d6b00000)
  from space 512K, 99% used [0x00000000d7500000,0x00000000d757f340,0x00000000d7580000)
  to   space 4608K, 0% used [0x00000000d6c80000,0x00000000d6c80000,0x00000000d7100000)
 ParOldGen       total 71168K, used 64019K [0x0000000080000000, 0x0000000084580000, 0x00000000d5580000)
  object space 71168K, 89% used [0x0000000080000000,0x0000000083e84d68,0x0000000084580000)
 Metaspace       used 68884K, committed 70400K, reserved 1114112K
  class space    used 8078K, committed 8704K, reserved 1048576K
}
Event: 389.615 GC heap after
{Heap after GC invocations=58 (full 3):
 PSYoungGen      total 26624K, used 719K [0x00000000d5580000, 0x00000000d7580000, 0x0000000100000000)
  eden space 22016K, 0% used [0x00000000d5580000,0x00000000d5580000,0x00000000d6b00000)
  from space 4608K, 15% used [0x00000000d6c80000,0x00000000d6d33df0,0x00000000d7100000)
  to   space 2048K, 0% used [0x00000000d7380000,0x00000000d7380000,0x00000000d7580000)
 ParOldGen       total 71168K, used 64548K [0x0000000080000000, 0x0000000084580000, 0x00000000d5580000)
  object space 71168K, 90% used [0x0000000080000000,0x0000000083f091b8,0x0000000084580000)
 Metaspace       used 68884K, committed 70400K, reserved 1114112K
  class space    used 8078K, committed 8704K, reserved 1048576K
}
Event: 395.379 GC heap before
{Heap before GC invocations=59 (full 3):
 PSYoungGen      total 26624K, used 22735K [0x00000000d5580000, 0x00000000d7580000, 0x0000000100000000)
  eden space 22016K, 100% used [0x00000000d5580000,0x00000000d6b00000,0x00000000d6b00000)
  from space 4608K, 15% used [0x00000000d6c80000,0x00000000d6d33df0,0x00000000d7100000)
  to   space 2048K, 0% used [0x00000000d7380000,0x00000000d7380000,0x00000000d7580000)
 ParOldGen       total 71168K, used 64548K [0x0000000080000000, 0x0000000084580000, 0x00000000d5580000)
  object space 71168K, 90% used [0x0000000080000000,0x0000000083f091b8,0x0000000084580000)
 Metaspace       used 70343K, committed 71872K, reserved 1114112K
  class space    used 8234K, committed 8896K, reserved 1048576K
}
Event: 395.383 GC heap after
{Heap after GC invocations=59 (full 3):
 PSYoungGen      total 23040K, used 752K [0x00000000d5580000, 0x00000000d7480000, 0x0000000100000000)
  eden space 22016K, 0% used [0x00000000d5580000,0x00000000d5580000,0x00000000d6b00000)
  from space 1024K, 73% used [0x00000000d7380000,0x00000000d743c030,0x00000000d7480000)
  to   space 1024K, 0% used [0x00000000d7280000,0x00000000d7280000,0x00000000d7380000)
 ParOldGen       total 71168K, used 65131K [0x0000000080000000, 0x0000000084580000, 0x00000000d5580000)
  object space 71168K, 91% used [0x0000000080000000,0x0000000083f9ad00,0x0000000084580000)
 Metaspace       used 70343K, committed 71872K, reserved 1114112K
  class space    used 8234K, committed 8896K, reserved 1048576K
}
Event: 401.101 GC heap before
{Heap before GC invocations=60 (full 3):
 PSYoungGen      total 23040K, used 22731K [0x00000000d5580000, 0x00000000d7480000, 0x0000000100000000)
  eden space 22016K, 99% used [0x00000000d5580000,0x00000000d6af6cf8,0x00000000d6b00000)
  from space 1024K, 73% used [0x00000000d7380000,0x00000000d743c030,0x00000000d7480000)
  to   space 1024K, 0% used [0x00000000d7280000,0x00000000d7280000,0x00000000d7380000)
 ParOldGen       total 71168K, used 65131K [0x0000000080000000, 0x0000000084580000, 0x00000000d5580000)
  object space 71168K, 91% used [0x0000000080000000,0x0000000083f9ad00,0x0000000084580000)
 Metaspace       used 71686K, committed 73152K, reserved 1114112K
  class space    used 8341K, committed 8960K, reserved 1048576K
}
Event: 401.111 GC heap after
{Heap after GC invocations=60 (full 3):
 PSYoungGen      total 23040K, used 1016K [0x00000000d5580000, 0x00000000d7400000, 0x0000000100000000)
  eden space 22016K, 0% used [0x00000000d5580000,0x00000000d5580000,0x00000000d6b00000)
  from space 1024K, 99% used [0x00000000d7280000,0x00000000d737e028,0x00000000d7380000)
  to   space 512K, 0% used [0x00000000d7380000,0x00000000d7380000,0x00000000d7400000)
 ParOldGen       total 71168K, used 66636K [0x0000000080000000, 0x0000000084580000, 0x00000000d5580000)
  object space 71168K, 93% used [0x0000000080000000,0x00000000841133c0,0x0000000084580000)
 Metaspace       used 71686K, committed 73152K, reserved 1114112K
  class space    used 8341K, committed 8960K, reserved 1048576K
}
Event: 401.545 GC heap before
{Heap before GC invocations=61 (full 3):
 PSYoungGen      total 23040K, used 23032K [0x00000000d5580000, 0x00000000d7400000, 0x0000000100000000)
  eden space 22016K, 100% used [0x00000000d5580000,0x00000000d6b00000,0x00000000d6b00000)
  from space 1024K, 99% used [0x00000000d7280000,0x00000000d737e028,0x00000000d7380000)
  to   space 512K, 0% used [0x00000000d7380000,0x00000000d7380000,0x00000000d7400000)
 ParOldGen       total 71168K, used 66636K [0x0000000080000000, 0x0000000084580000, 0x00000000d5580000)
  object space 71168K, 93% used [0x0000000080000000,0x00000000841133c0,0x0000000084580000)
 Metaspace       used 71712K, committed 73152K, reserved 1114112K
  class space    used 8341K, committed 8960K, reserved 1048576K
}
Event: 401.555 GC heap after
{Heap after GC invocations=61 (full 3):
 PSYoungGen      total 22528K, used 500K [0x00000000d5580000, 0x00000000d7400000, 0x0000000100000000)
  eden space 22016K, 0% used [0x00000000d5580000,0x00000000d5580000,0x00000000d6b00000)
  from space 512K, 97% used [0x00000000d7380000,0x00000000d73fd0b0,0x00000000d7400000)
  to   space 2560K, 0% used [0x00000000d6f00000,0x00000000d6f00000,0x00000000d7180000)
 ParOldGen       total 71168K, used 68386K [0x0000000080000000, 0x0000000084580000, 0x00000000d5580000)
  object space 71168K, 96% used [0x0000000080000000,0x00000000842c8a78,0x0000000084580000)
 Metaspace       used 71712K, committed 73152K, reserved 1114112K
  class space    used 8341K, committed 8960K, reserved 1048576K
}
Event: 10905.999 GC heap before
{Heap before GC invocations=62 (full 3):
 PSYoungGen      total 22528K, used 22516K [0x00000000d5580000, 0x00000000d7400000, 0x0000000100000000)
  eden space 22016K, 100% used [0x00000000d5580000,0x00000000d6b00000,0x00000000d6b00000)
  from space 512K, 97% used [0x00000000d7380000,0x00000000d73fd0b0,0x00000000d7400000)
  to   space 2560K, 0% used [0x00000000d6f00000,0x00000000d6f00000,0x00000000d7180000)
 ParOldGen       total 71168K, used 68386K [0x0000000080000000, 0x0000000084580000, 0x00000000d5580000)
  object space 71168K, 96% used [0x0000000080000000,0x00000000842c8a78,0x0000000084580000)
 Metaspace       used 73335K, committed 74752K, reserved 1179648K
  class space    used 8493K, committed 9088K, reserved 1048576K
}
Event: 10906.101 GC heap after
{Heap after GC invocations=62 (full 3):
 PSYoungGen      total 24576K, used 416K [0x00000000d5580000, 0x00000000d7400000, 0x0000000100000000)
  eden space 22016K, 0% used [0x00000000d5580000,0x00000000d5580000,0x00000000d6b00000)
  from space 2560K, 16% used [0x00000000d6f00000,0x00000000d6f68000,0x00000000d7180000)
  to   space 1536K, 0% used [0x00000000d7280000,0x00000000d7280000,0x00000000d7400000)
 ParOldGen       total 71168K, used 69108K [0x0000000080000000, 0x0000000084580000, 0x00000000d5580000)
  object space 71168K, 97% used [0x0000000080000000,0x000000008437d1b8,0x0000000084580000)
 Metaspace       used 73335K, committed 74752K, reserved 1179648K
  class space    used 8493K, committed 9088K, reserved 1048576K
}

