# JRE version: OpenJDK Runtime Environment Temurin-21.0.12.1+1 (21.0.12.1+1) (build 21.0.12.1+1-LTS)
# Java VM: OpenJDK 64-Bit Server VM Temurin-21.0.12.1+1 (21.0.12.1+1-LTS, mixed mode, sharing, tiered, compressed oops, compressed class ptrs, g1 gc, windows-amd64)
GC Precious Log:
 CardTable entry size: 512
 Card Set container configuration: InlinePtr #cards 5 size 8 Array Of Cards #cards 12 size 40 Howl #buckets 4 coarsen threshold 1843 Howl Bitmap #cards 512 size 80 coarsen threshold 460 Card regions per heap region 1 cards per card region 2048
 CPUs: 12 total, 12 available
 Memory: 16027M
 Large Page Support: Disabled
 NUMA Support: Disabled
 Compressed Oops: Enabled (32-bit)
 Heap Region Size: 1M
 Heap Min Capacity: 256M
 Heap Initial Capacity: 256M
 Heap Max Capacity: 512M
 Pre-touch: Disabled
 Parallel Workers: 10
 Concurrent Workers: 3
 Concurrent Refinement Workers: 10
 Periodic GC: Disabled
Heap:
 garbage-first heap   total 262144K, used 107420K [0x00000000e0000000, 0x0000000100000000)
  region size 1024K, 77 young (78848K), 1 survivors (1024K)
 Metaspace       used 32926K, committed 34368K, reserved 393216K
  class space    used 4960K, committed 5696K, reserved 327680K
GC Heap History (12 events):
Event: 100.475 GC heap before
{Heap before GC invocations=0 (full 0):
 garbage-first heap   total 262144K, used 27648K [0x00000000e0000000, 0x0000000100000000)
  region size 1024K, 23 young (23552K), 0 survivors (0K)
 Metaspace       used 2828K, committed 3008K, reserved 393216K
  class space    used 329K, committed 384K, reserved 327680K
}
Event: 101.729 GC heap after
{Heap after GC invocations=1 (full 0):
 garbage-first heap   total 262144K, used 11264K [0x00000000e0000000, 0x0000000100000000)
  region size 1024K, 3 young (3072K), 3 survivors (3072K)
 Metaspace       used 2828K, committed 3008K, reserved 393216K
  class space    used 329K, committed 384K, reserved 327680K
}
Event: 266.689 GC heap before
{Heap before GC invocations=1 (full 0):
 garbage-first heap   total 262144K, used 37888K [0x00000000e0000000, 0x0000000100000000)
  region size 1024K, 29 young (29696K), 3 survivors (3072K)
 Metaspace       used 4614K, committed 4800K, reserved 393216K
  class space    used 598K, committed 704K, reserved 327680K
}
Event: 266.694 GC heap after
{Heap after GC invocations=2 (full 0):
 garbage-first heap   total 262144K, used 12860K [0x00000000e0000000, 0x0000000100000000)
  region size 1024K, 2 young (2048K), 2 survivors (2048K)
 Metaspace       used 4614K, committed 4800K, reserved 393216K
  class space    used 598K, committed 704K, reserved 327680K
}
Event: 627.060 GC heap before
{Heap before GC invocations=2 (full 0):
 garbage-first heap   total 262144K, used 105020K [0x00000000e0000000, 0x0000000100000000)
  region size 1024K, 91 young (93184K), 2 survivors (2048K)
 Metaspace       used 15209K, committed 15616K, reserved 393216K
  class space    used 2055K, committed 2240K, reserved 327680K
}
Event: 627.331 GC heap after
{Heap after GC invocations=3 (full 0):
 garbage-first heap   total 262144K, used 22118K [0x00000000e0000000, 0x0000000100000000)
  region size 1024K, 10 young (10240K), 10 survivors (10240K)
 Metaspace       used 15209K, committed 15616K, reserved 393216K
  class space    used 2055K, committed 2240K, reserved 327680K
}
Event: 646.285 GC heap before
{Heap before GC invocations=3 (full 0):
 garbage-first heap   total 262144K, used 61030K [0x00000000e0000000, 0x0000000100000000)
  region size 1024K, 50 young (51200K), 10 survivors (10240K)
 Metaspace       used 20854K, committed 21504K, reserved 393216K
  class space    used 2941K, committed 3264K, reserved 327680K
}
Event: 646.322 GC heap after
{Heap after GC invocations=4 (full 0):
 garbage-first heap   total 262144K, used 24821K [0x00000000e0000000, 0x0000000100000000)
  region size 1024K, 11 young (11264K), 11 survivors (11264K)
 Metaspace       used 20854K, committed 21504K, reserved 393216K
  class space    used 2941K, committed 3264K, reserved 327680K
}
Event: 15225.962 GC heap before
{Heap before GC invocations=5 (full 0):
 garbage-first heap   total 262144K, used 170229K [0x00000000e0000000, 0x0000000100000000)
  region size 1024K, 153 young (156672K), 11 survivors (11264K)
 Metaspace       used 32655K, committed 33984K, reserved 393216K
  class space    used 4923K, committed 5568K, reserved 327680K
}
Event: 15226.567 GC heap after
{Heap after GC invocations=6 (full 0):
 garbage-first heap   total 262144K, used 30352K [0x00000000e0000000, 0x0000000100000000)
  region size 1024K, 17 young (17408K), 17 survivors (17408K)
 Metaspace       used 32655K, committed 33984K, reserved 393216K
  class space    used 4923K, committed 5568K, reserved 327680K
}
Event: 15226.582 GC heap before
{Heap before GC invocations=6 (full 0):
 garbage-first heap   total 262144K, used 31376K [0x00000000e0000000, 0x0000000100000000)
  region size 1024K, 18 young (18432K), 17 survivors (17408K)
 Metaspace       used 32658K, committed 33984K, reserved 393216K
  class space    used 4923K, committed 5568K, reserved 327680K
}
Event: 15226.611 GC heap after
{Heap after GC invocations=7 (full 0):
 garbage-first heap   total 262144K, used 30620K [0x00000000e0000000, 0x0000000100000000)
  region size 1024K, 1 young (1024K), 1 survivors (1024K)
 Metaspace       used 32658K, committed 33984K, reserved 393216K
  class space    used 4923K, committed 5568K, reserved 327680K
}

