# JRE version: OpenJDK Runtime Environment Temurin-21.0.12.1+1 (21.0.12.1+1) (build 21.0.12.1+1-LTS)
# Java VM: OpenJDK 64-Bit Server VM Temurin-21.0.12.1+1 (21.0.12.1+1-LTS, mixed mode, sharing, tiered, compressed oops, compressed class ptrs, g1 gc, windows-amd64)
GC Precious Log:
 CardTable entry size: 512
 Card Set container configuration: InlinePtr #cards 5 size 8 Array Of Cards #cards 12 size 40 Howl #buckets 4 coarsen threshold 1843 Howl Bitmap #cards 512 size 80 coarsen threshold 460 Card regions per heap region 1 cards per card region 2048
 CPUs: 12 total, 12 available
 Memory: 16027M
 Large Page Support: Disabled
 NUMA Support: Disabled
 Compressed Oops: Enabled (32-bit)
 Heap Region Size: 1M
 Heap Min Capacity: 256M
 Heap Initial Capacity: 256M
 Heap Max Capacity: 512M
 Pre-touch: Disabled
 Parallel Workers: 10
 Concurrent Workers: 3
 Concurrent Refinement Workers: 10
 Periodic GC: Disabled
Heap:
 garbage-first heap   total 262144K, used 43665K [0x00000000e0000000, 0x0000000100000000)
  region size 1024K, 1 young (1024K), 1 survivors (1024K)
 Metaspace       used 52708K, committed 54848K, reserved 393216K
  class space    used 8009K, committed 9088K, reserved 327680K
GC Heap History (20 events):
Event: 512.021 GC heap after
{Heap after GC invocations=6 (full 0):
 garbage-first heap   total 262144K, used 31921K [0x00000000e0000000, 0x0000000100000000)
  region size 1024K, 9 young (9216K), 9 survivors (9216K)
 Metaspace       used 34942K, committed 36288K, reserved 393216K
  class space    used 5159K, committed 5824K, reserved 327680K
}
Event: 512.275 GC heap before
{Heap before GC invocations=6 (full 0):
 garbage-first heap   total 262144K, used 32945K [0x00000000e0000000, 0x0000000100000000)
  region size 1024K, 11 young (11264K), 9 survivors (9216K)
 Metaspace       used 35233K, committed 36608K, reserved 393216K
  class space    used 5192K, committed 5888K, reserved 327680K
}
Event: 512.287 GC heap after
{Heap after GC invocations=7 (full 0):
 garbage-first heap   total 262144K, used 31661K [0x00000000e0000000, 0x0000000100000000)
  region size 1024K, 9 young (9216K), 9 survivors (9216K)
 Metaspace       used 35233K, committed 36608K, reserved 393216K
  class space    used 5192K, committed 5888K, reserved 327680K
}
Event: 512.357 GC heap before
{Heap before GC invocations=7 (full 0):
 garbage-first heap   total 262144K, used 32685K [0x00000000e0000000, 0x0000000100000000)
  region size 1024K, 11 young (11264K), 9 survivors (9216K)
 Metaspace       used 35500K, committed 36928K, reserved 393216K
  class space    used 5230K, committed 5952K, reserved 327680K
}
Event: 512.366 GC heap after
{Heap after GC invocations=8 (full 0):
 garbage-first heap   total 262144K, used 32590K [0x00000000e0000000, 0x0000000100000000)
  region size 1024K, 10 young (10240K), 10 survivors (10240K)
 Metaspace       used 35500K, committed 36928K, reserved 393216K
  class space    used 5230K, committed 5952K, reserved 327680K
}
Event: 690.481 GC heap before
{Heap before GC invocations=9 (full 0):
 garbage-first heap   total 262144K, used 179022K [0x00000000e0000000, 0x0000000100000000)
  region size 1024K, 153 young (156672K), 10 survivors (10240K)
 Metaspace       used 48646K, committed 50560K, reserved 393216K
  class space    used 7334K, committed 8256K, reserved 327680K
}
Event: 691.007 GC heap after
{Heap after GC invocations=10 (full 0):
 garbage-first heap   total 262144K, used 40474K [0x00000000e0000000, 0x0000000100000000)
  region size 1024K, 17 young (17408K), 17 survivors (17408K)
 Metaspace       used 48646K, committed 50560K, reserved 393216K
  class space    used 7334K, committed 8256K, reserved 327680K
}
Event: 692.331 GC heap before
{Heap before GC invocations=10 (full 0):
 garbage-first heap   total 262144K, used 44570K [0x00000000e0000000, 0x0000000100000000)
  region size 1024K, 22 young (22528K), 17 survivors (17408K)
 Metaspace       used 48682K, committed 50560K, reserved 393216K
  class space    used 7334K, committed 8256K, reserved 327680K
}
Event: 692.356 GC heap after
{Heap after GC invocations=11 (full 0):
 garbage-first heap   total 262144K, used 42102K [0x00000000e0000000, 0x0000000100000000)
  region size 1024K, 3 young (3072K), 3 survivors (3072K)
 Metaspace       used 48682K, committed 50560K, reserved 393216K
  class space    used 7334K, committed 8256K, reserved 327680K
}
Event: 15328.027 GC heap before
{Heap before GC invocations=11 (full 0):
 garbage-first heap   total 262144K, used 122998K [0x00000000e0000000, 0x0000000100000000)
  region size 1024K, 83 young (84992K), 3 survivors (3072K)
 Metaspace       used 52702K, committed 54848K, reserved 393216K
  class space    used 8009K, committed 9088K, reserved 327680K
}
Event: 15348.568 GC heap after
{Heap after GC invocations=12 (full 0):
 garbage-first heap   total 262144K, used 43522K [0x00000000e0000000, 0x0000000100000000)
  region size 1024K, 4 young (4096K), 4 survivors (4096K)
 Metaspace       used 52702K, committed 54848K, reserved 393216K
  class space    used 8009K, committed 9088K, reserved 327680K
}
Event: 15354.674 GC heap before
{Heap before GC invocations=12 (full 0):
 garbage-first heap   total 262144K, used 51714K [0x00000000e0000000, 0x0000000100000000)
  region size 1024K, 12 young (12288K), 4 survivors (4096K)
 Metaspace       used 52704K, committed 54848K, reserved 393216K
  class space    used 8009K, committed 9088K, reserved 327680K
}
Event: 15355.491 GC heap after
{Heap after GC invocations=13 (full 0):
 garbage-first heap   total 262144K, used 44029K [0x00000000e0000000, 0x0000000100000000)
  region size 1024K, 1 young (1024K), 1 survivors (1024K)
 Metaspace       used 52704K, committed 54848K, reserved 393216K
  class space    used 8009K, committed 9088K, reserved 327680K
}
Event: 15357.366 GC heap before
{Heap before GC invocations=13 (full 0):
 garbage-first heap   total 262144K, used 55293K [0x00000000e0000000, 0x0000000100000000)
  region size 1024K, 12 young (12288K), 1 survivors (1024K)
 Metaspace       used 52707K, committed 54848K, reserved 393216K
  class space    used 8009K, committed 9088K, reserved 327680K
}
Event: 15357.544 GC heap after
{Heap after GC invocations=14 (full 0):
 garbage-first heap   total 262144K, used 43679K [0x00000000e0000000, 0x0000000100000000)
  region size 1024K, 1 young (1024K), 1 survivors (1024K)
 Metaspace       used 52707K, committed 54848K, reserved 393216K
  class space    used 8009K, committed 9088K, reserved 327680K
}
Event: 15358.273 GC heap before
{Heap before GC invocations=14 (full 0):
 garbage-first heap   total 262144K, used 54943K [0x00000000e0000000, 0x0000000100000000)
  region size 1024K, 12 young (12288K), 1 survivors (1024K)
 Metaspace       used 52708K, committed 54848K, reserved 393216K
  class space    used 8009K, committed 9088K, reserved 327680K
}
Event: 15358.375 GC heap after
{Heap after GC invocations=15 (full 0):
 garbage-first heap   total 262144K, used 43814K [0x00000000e0000000, 0x0000000100000000)
  region size 1024K, 1 young (1024K), 1 survivors (1024K)
 Metaspace       used 52708K, committed 54848K, reserved 393216K
  class space    used 8009K, committed 9088K, reserved 327680K
}
Event: 15358.636 GC heap before
{Heap before GC invocations=15 (full 0):
 garbage-first heap   total 262144K, used 55078K [0x00000000e0000000, 0x0000000100000000)
  region size 1024K, 12 young (12288K), 1 survivors (1024K)
 Metaspace       used 52708K, committed 54848K, reserved 393216K
  class space    used 8009K, committed 9088K, reserved 327680K
}
Event: 15358.752 GC heap after
{Heap after GC invocations=16 (full 0):
 garbage-first heap   total 262144K, used 43581K [0x00000000e0000000, 0x0000000100000000)
  region size 1024K, 1 young (1024K), 1 survivors (1024K)
 Metaspace       used 52708K, committed 54848K, reserved 393216K
  class space    used 8009K, committed 9088K, reserved 327680K
}
Event: 15358.874 GC heap before
{Heap before GC invocations=16 (full 0):
 garbage-first heap   total 262144K, used 54845K [0x00000000e0000000, 0x0000000100000000)
  region size 1024K, 12 young (12288K), 1 survivors (1024K)
 Metaspace       used 52708K, committed 54848K, reserved 393216K
  class space    used 8009K, committed 9088K, reserved 327680K
}

