# JRE version: OpenJDK Runtime Environment Temurin-21.0.12.1+1 (21.0.12.1+1) (build 21.0.12.1+1-LTS)
# Java VM: OpenJDK 64-Bit Server VM Temurin-21.0.12.1+1 (21.0.12.1+1-LTS, mixed mode, sharing, tiered, compressed oops, compressed class ptrs, g1 gc, windows-amd64)
GC Precious Log:
 CardTable entry size: 512
 Card Set container configuration: InlinePtr #cards 5 size 8 Array Of Cards #cards 12 size 40 Howl #buckets 4 coarsen threshold 1843 Howl Bitmap #cards 512 size 80 coarsen threshold 460 Card regions per heap region 1 cards per card region 2048
 CPUs: 12 total, 12 available
 Memory: 16027M
 Large Page Support: Disabled
 NUMA Support: Disabled
 Compressed Oops: Enabled (32-bit)
 Heap Region Size: 1M
 Heap Min Capacity: 256M
 Heap Initial Capacity: 256M
 Heap Max Capacity: 512M
 Pre-touch: Disabled
 Parallel Workers: 10
 Concurrent Workers: 3
 Concurrent Refinement Workers: 10
 Periodic GC: Disabled
Heap:
 garbage-first heap   total 262144K, used 35418K [0x00000000e0000000, 0x0000000100000000)
  region size 1024K, 1 young (1024K), 1 survivors (1024K)
 Metaspace       used 41320K, committed 43008K, reserved 393216K
  class space    used 6156K, committed 6976K, reserved 327680K
GC Heap History (20 events):
Event: 555.064 GC heap after
{Heap after GC invocations=3 (full 0):
 garbage-first heap   total 262144K, used 22466K [0x00000000e0000000, 0x0000000100000000)
  region size 1024K, 10 young (10240K), 10 survivors (10240K)
 Metaspace       used 15866K, committed 16320K, reserved 393216K
  class space    used 2158K, committed 2368K, reserved 327680K
}
Event: 563.706 GC heap before
{Heap before GC invocations=3 (full 0):
 garbage-first heap   total 262144K, used 55234K [0x00000000e0000000, 0x0000000100000000)
  region size 1024K, 44 young (45056K), 10 survivors (10240K)
 Metaspace       used 20809K, committed 21504K, reserved 393216K
  class space    used 2951K, committed 3264K, reserved 327680K
}
Event: 563.723 GC heap after
{Heap after GC invocations=4 (full 0):
 garbage-first heap   total 262144K, used 24869K [0x00000000e0000000, 0x0000000100000000)
  region size 1024K, 13 young (13312K), 13 survivors (13312K)
 Metaspace       used 20809K, committed 21504K, reserved 393216K
  class space    used 2951K, committed 3264K, reserved 327680K
}
Event: 590.958 GC heap before
{Heap before GC invocations=5 (full 0):
 garbage-first heap   total 262144K, used 132389K [0x00000000e0000000, 0x0000000100000000)
  region size 1024K, 120 young (122880K), 13 survivors (13312K)
 Metaspace       used 34750K, committed 36160K, reserved 393216K
  class space    used 5141K, committed 5888K, reserved 327680K
}
Event: 590.989 GC heap after
{Heap after GC invocations=6 (full 0):
 garbage-first heap   total 262144K, used 31308K [0x00000000e0000000, 0x0000000100000000)
  region size 1024K, 9 young (9216K), 9 survivors (9216K)
 Metaspace       used 34750K, committed 36160K, reserved 393216K
  class space    used 5141K, committed 5888K, reserved 327680K
}
Event: 591.101 GC heap before
{Heap before GC invocations=6 (full 0):
 garbage-first heap   total 262144K, used 32332K [0x00000000e0000000, 0x0000000100000000)
  region size 1024K, 11 young (11264K), 9 survivors (9216K)
 Metaspace       used 35057K, committed 36480K, reserved 393216K
  class space    used 5157K, committed 5888K, reserved 327680K
}
Event: 591.110 GC heap after
{Heap after GC invocations=7 (full 0):
 garbage-first heap   total 262144K, used 32077K [0x00000000e0000000, 0x0000000100000000)
  region size 1024K, 10 young (10240K), 10 survivors (10240K)
 Metaspace       used 35057K, committed 36480K, reserved 393216K
  class space    used 5157K, committed 5888K, reserved 327680K
}
Event: 591.240 GC heap before
{Heap before GC invocations=7 (full 0):
 garbage-first heap   total 262144K, used 33101K [0x00000000e0000000, 0x0000000100000000)
  region size 1024K, 12 young (12288K), 10 survivors (10240K)
 Metaspace       used 35470K, committed 36800K, reserved 393216K
  class space    used 5217K, committed 5888K, reserved 327680K
}
Event: 591.249 GC heap after
{Heap after GC invocations=8 (full 0):
 garbage-first heap   total 262144K, used 32247K [0x00000000e0000000, 0x0000000100000000)
  region size 1024K, 10 young (10240K), 10 survivors (10240K)
 Metaspace       used 35470K, committed 36800K, reserved 393216K
  class space    used 5217K, committed 5888K, reserved 327680K
}
Event: 15285.249 GC heap before
{Heap before GC invocations=9 (full 0):
 garbage-first heap   total 262144K, used 178679K [0x00000000e0000000, 0x0000000100000000)
  region size 1024K, 153 young (156672K), 10 survivors (10240K)
 Metaspace       used 41316K, committed 43008K, reserved 393216K
  class space    used 6156K, committed 6976K, reserved 327680K
}
Event: 15312.676 GC heap after
{Heap after GC invocations=10 (full 0):
 garbage-first heap   total 262144K, used 36346K [0x00000000e0000000, 0x0000000100000000)
  region size 1024K, 14 young (14336K), 14 survivors (14336K)
 Metaspace       used 41316K, committed 43008K, reserved 393216K
  class space    used 6156K, committed 6976K, reserved 327680K
}
Event: 15312.758 GC heap before
{Heap before GC invocations=10 (full 0):
 garbage-first heap   total 262144K, used 37370K [0x00000000e0000000, 0x0000000100000000)
  region size 1024K, 15 young (15360K), 14 survivors (14336K)
 Metaspace       used 41316K, committed 43008K, reserved 393216K
  class space    used 6156K, committed 6976K, reserved 327680K
}
Event: 15316.740 GC heap after
{Heap after GC invocations=11 (full 0):
 garbage-first heap   total 262144K, used 36392K [0x00000000e0000000, 0x0000000100000000)
  region size 1024K, 1 young (1024K), 1 survivors (1024K)
 Metaspace       used 41316K, committed 43008K, reserved 393216K
  class space    used 6156K, committed 6976K, reserved 327680K
}
Event: 15335.590 GC heap before
{Heap before GC invocations=11 (full 0):
 garbage-first heap   total 262144K, used 47656K [0x00000000e0000000, 0x0000000100000000)
  region size 1024K, 12 young (12288K), 1 survivors (1024K)
 Metaspace       used 41319K, committed 43008K, reserved 393216K
  class space    used 6156K, committed 6976K, reserved 327680K
}
Event: 15337.883 GC heap after
{Heap after GC invocations=12 (full 0):
 garbage-first heap   total 262144K, used 36061K [0x00000000e0000000, 0x0000000100000000)
  region size 1024K, 1 young (1024K), 1 survivors (1024K)
 Metaspace       used 41319K, committed 43008K, reserved 393216K
  class space    used 6156K, committed 6976K, reserved 327680K
}
Event: 15340.766 GC heap before
{Heap before GC invocations=12 (full 0):
 garbage-first heap   total 262144K, used 47325K [0x00000000e0000000, 0x0000000100000000)
  region size 1024K, 12 young (12288K), 1 survivors (1024K)
 Metaspace       used 41320K, committed 43008K, reserved 393216K
  class space    used 6156K, committed 6976K, reserved 327680K
}
Event: 15341.094 GC heap after
{Heap after GC invocations=13 (full 0):
 garbage-first heap   total 262144K, used 35478K [0x00000000e0000000, 0x0000000100000000)
  region size 1024K, 1 young (1024K), 1 survivors (1024K)
 Metaspace       used 41320K, committed 43008K, reserved 393216K
  class space    used 6156K, committed 6976K, reserved 327680K
}
Event: 15342.835 GC heap before
{Heap before GC invocations=13 (full 0):
 garbage-first heap   total 262144K, used 46742K [0x00000000e0000000, 0x0000000100000000)
  region size 1024K, 12 young (12288K), 1 survivors (1024K)
 Metaspace       used 41320K, committed 43008K, reserved 393216K
  class space    used 6156K, committed 6976K, reserved 327680K
}
Event: 15343.073 GC heap after
{Heap after GC invocations=14 (full 0):
 garbage-first heap   total 262144K, used 35662K [0x00000000e0000000, 0x0000000100000000)
  region size 1024K, 1 young (1024K), 1 survivors (1024K)
 Metaspace       used 41320K, committed 43008K, reserved 393216K
  class space    used 6156K, committed 6976K, reserved 327680K
}
Event: 15345.056 GC heap before
{Heap before GC invocations=14 (full 0):
 garbage-first heap   total 262144K, used 46926K [0x00000000e0000000, 0x0000000100000000)
  region size 1024K, 12 young (12288K), 1 survivors (1024K)
 Metaspace       used 41320K, committed 43008K, reserved 393216K
  class space    used 6156K, committed 6976K, reserved 327680K
}

