# JRE version: OpenJDK Runtime Environment Temurin-21.0.12.1+1 (21.0.12.1+1) (build 21.0.12.1+1-LTS)
# Java VM: OpenJDK 64-Bit Server VM Temurin-21.0.12.1+1 (21.0.12.1+1-LTS, mixed mode, sharing, tiered, compressed oops, compressed class ptrs, g1 gc, windows-amd64)
GC Precious Log:
 CardTable entry size: 512
 Card Set container configuration: InlinePtr #cards 5 size 8 Array Of Cards #cards 12 size 40 Howl #buckets 4 coarsen threshold 1843 Howl Bitmap #cards 512 size 80 coarsen threshold 460 Card regions per heap region 1 cards per card region 2048
 CPUs: 12 total, 12 available
 Memory: 16027M
 Large Page Support: Disabled
 NUMA Support: Disabled
 Compressed Oops: Enabled (32-bit)
 Heap Region Size: 1M
 Heap Min Capacity: 256M
 Heap Initial Capacity: 256M
 Heap Max Capacity: 512M
 Pre-touch: Disabled
 Parallel Workers: 10
 Concurrent Workers: 3
 Concurrent Refinement Workers: 10
 Periodic GC: Disabled
Heap:
 garbage-first heap   total 262144K, used 29940K [0x00000000e0000000, 0x0000000100000000)
  region size 1024K, 1 young (1024K), 1 survivors (1024K)
 Metaspace       used 34072K, committed 35456K, reserved 393216K
  class space    used 5055K, committed 5696K, reserved 327680K
GC Heap History (20 events):
Event: 585.732 GC heap after
{Heap after GC invocations=3 (full 0):
 garbage-first heap   total 262144K, used 22888K [0x00000000e0000000, 0x0000000100000000)
  region size 1024K, 11 young (11264K), 11 survivors (11264K)
 Metaspace       used 18603K, committed 19136K, reserved 393216K
  class space    used 2560K, committed 2816K, reserved 327680K
}
Event: 588.105 GC heap before
{Heap before GC invocations=3 (full 0):
 garbage-first heap   total 262144K, used 41320K [0x00000000e0000000, 0x0000000100000000)
  region size 1024K, 30 young (30720K), 11 survivors (11264K)
 Metaspace       used 20886K, committed 21504K, reserved 393216K
  class space    used 2956K, committed 3264K, reserved 327680K
}
Event: 588.125 GC heap after
{Heap after GC invocations=4 (full 0):
 garbage-first heap   total 262144K, used 25002K [0x00000000e0000000, 0x0000000100000000)
  region size 1024K, 2 young (2048K), 2 survivors (2048K)
 Metaspace       used 20886K, committed 21504K, reserved 393216K
  class space    used 2956K, committed 3264K, reserved 327680K
}
Event: 15216.280 GC heap before
{Heap before GC invocations=5 (full 0):
 garbage-first heap   total 262144K, used 155050K [0x00000000e0000000, 0x0000000100000000)
  region size 1024K, 130 young (133120K), 2 survivors (2048K)
 Metaspace       used 32587K, committed 33984K, reserved 393216K
  class space    used 4914K, committed 5568K, reserved 327680K
}
Event: 15216.818 GC heap after
{Heap after GC invocations=6 (full 0):
 garbage-first heap   total 262144K, used 29211K [0x00000000e0000000, 0x0000000100000000)
  region size 1024K, 7 young (7168K), 7 survivors (7168K)
 Metaspace       used 32587K, committed 33984K, reserved 393216K
  class space    used 4914K, committed 5568K, reserved 327680K
}
Event: 15221.214 GC heap before
{Heap before GC invocations=6 (full 0):
 garbage-first heap   total 262144K, used 34331K [0x00000000e0000000, 0x0000000100000000)
  region size 1024K, 12 young (12288K), 7 survivors (7168K)
 Metaspace       used 32591K, committed 33984K, reserved 393216K
  class space    used 4914K, committed 5568K, reserved 327680K
}
Event: 15221.227 GC heap after
{Heap after GC invocations=7 (full 0):
 garbage-first heap   total 262144K, used 30320K [0x00000000e0000000, 0x0000000100000000)
  region size 1024K, 2 young (2048K), 2 survivors (2048K)
 Metaspace       used 32591K, committed 33984K, reserved 393216K
  class space    used 4914K, committed 5568K, reserved 327680K
}
Event: 15240.272 GC heap before
{Heap before GC invocations=7 (full 0):
 garbage-first heap   total 262144K, used 103024K [0x00000000e0000000, 0x0000000100000000)
  region size 1024K, 73 young (74752K), 2 survivors (2048K)
 Metaspace       used 32637K, committed 33984K, reserved 393216K
  class space    used 4922K, committed 5568K, reserved 327680K
}
Event: 15240.277 GC heap after
{Heap after GC invocations=8 (full 0):
 garbage-first heap   total 262144K, used 29487K [0x00000000e0000000, 0x0000000100000000)
  region size 1024K, 1 young (1024K), 1 survivors (1024K)
 Metaspace       used 32637K, committed 33984K, reserved 393216K
  class space    used 4922K, committed 5568K, reserved 327680K
}
Event: 15323.988 GC heap before
{Heap before GC invocations=8 (full 0):
 garbage-first heap   total 262144K, used 147247K [0x00000000e0000000, 0x0000000100000000)
  region size 1024K, 117 young (119808K), 1 survivors (1024K)
 Metaspace       used 33922K, committed 35328K, reserved 393216K
  class space    used 5038K, committed 5696K, reserved 327680K
}
Event: 15326.378 GC heap after
{Heap after GC invocations=9 (full 0):
 garbage-first heap   total 262144K, used 30237K [0x00000000e0000000, 0x0000000100000000)
  region size 1024K, 2 young (2048K), 2 survivors (2048K)
 Metaspace       used 33922K, committed 35328K, reserved 393216K
  class space    used 5038K, committed 5696K, reserved 327680K
}
Event: 15335.845 GC heap before
{Heap before GC invocations=9 (full 0):
 garbage-first heap   total 262144K, used 40477K [0x00000000e0000000, 0x0000000100000000)
  region size 1024K, 12 young (12288K), 2 survivors (2048K)
 Metaspace       used 33941K, committed 35328K, reserved 393216K
  class space    used 5041K, committed 5696K, reserved 327680K
}
Event: 15337.286 GC heap after
{Heap after GC invocations=10 (full 0):
 garbage-first heap   total 262144K, used 29782K [0x00000000e0000000, 0x0000000100000000)
  region size 1024K, 1 young (1024K), 1 survivors (1024K)
 Metaspace       used 33941K, committed 35328K, reserved 393216K
  class space    used 5041K, committed 5696K, reserved 327680K
}
Event: 15339.043 GC heap before
{Heap before GC invocations=10 (full 0):
 garbage-first heap   total 262144K, used 41046K [0x00000000e0000000, 0x0000000100000000)
  region size 1024K, 12 young (12288K), 1 survivors (1024K)
 Metaspace       used 33945K, committed 35328K, reserved 393216K
  class space    used 5042K, committed 5696K, reserved 327680K
}
Event: 15339.615 GC heap after
{Heap after GC invocations=11 (full 0):
 garbage-first heap   total 262144K, used 29971K [0x00000000e0000000, 0x0000000100000000)
  region size 1024K, 1 young (1024K), 1 survivors (1024K)
 Metaspace       used 33945K, committed 35328K, reserved 393216K
  class space    used 5042K, committed 5696K, reserved 327680K
}
Event: 15343.420 GC heap before
{Heap before GC invocations=11 (full 0):
 garbage-first heap   total 262144K, used 41235K [0x00000000e0000000, 0x0000000100000000)
  region size 1024K, 12 young (12288K), 1 survivors (1024K)
 Metaspace       used 33948K, committed 35328K, reserved 393216K
  class space    used 5042K, committed 5696K, reserved 327680K
}
Event: 15344.572 GC heap after
{Heap after GC invocations=12 (full 0):
 garbage-first heap   total 262144K, used 29931K [0x00000000e0000000, 0x0000000100000000)
  region size 1024K, 1 young (1024K), 1 survivors (1024K)
 Metaspace       used 33948K, committed 35328K, reserved 393216K
  class space    used 5042K, committed 5696K, reserved 327680K
}
Event: 15347.753 GC heap before
{Heap before GC invocations=12 (full 0):
 garbage-first heap   total 262144K, used 41195K [0x00000000e0000000, 0x0000000100000000)
  region size 1024K, 12 young (12288K), 1 survivors (1024K)
 Metaspace       used 33994K, committed 35328K, reserved 393216K
  class space    used 5043K, committed 5696K, reserved 327680K
}
Event: 15349.112 GC heap after
{Heap after GC invocations=13 (full 0):
 garbage-first heap   total 262144K, used 30077K [0x00000000e0000000, 0x0000000100000000)
  region size 1024K, 1 young (1024K), 1 survivors (1024K)
 Metaspace       used 33994K, committed 35328K, reserved 393216K
  class space    used 5043K, committed 5696K, reserved 327680K
}
Event: 15353.889 GC heap before
{Heap before GC invocations=13 (full 0):
 garbage-first heap   total 262144K, used 41341K [0x00000000e0000000, 0x0000000100000000)
  region size 1024K, 12 young (12288K), 1 survivors (1024K)
 Metaspace       used 34072K, committed 35456K, reserved 393216K
  class space    used 5055K, committed 5696K, reserved 327680K
}

