# JRE version: OpenJDK Runtime Environment Temurin-21.0.12.1+1 (21.0.12.1+1) (build 21.0.12.1+1-LTS)
# Java VM: OpenJDK 64-Bit Server VM Temurin-21.0.12.1+1 (21.0.12.1+1-LTS, mixed mode, sharing, tiered, compressed oops, compressed class ptrs, g1 gc, windows-amd64)
GC Precious Log:
 CardTable entry size: 512
 Card Set container configuration: InlinePtr #cards 5 size 8 Array Of Cards #cards 12 size 40 Howl #buckets 4 coarsen threshold 1843 Howl Bitmap #cards 512 size 80 coarsen threshold 460 Card regions per heap region 1 cards per card region 2048
 CPUs: 12 total, 12 available
 Memory: 16027M
 Large Page Support: Disabled
 NUMA Support: Disabled
 Compressed Oops: Enabled (32-bit)
 Heap Region Size: 1M
 Heap Min Capacity: 256M
 Heap Initial Capacity: 256M
 Heap Max Capacity: 512M
 Pre-touch: Disabled
 Parallel Workers: 10
 Concurrent Workers: 3
 Concurrent Refinement Workers: 10
 Periodic GC: Disabled
Heap:
 garbage-first heap   total 262144K, used 35856K [0x00000000e0000000, 0x0000000100000000)
  region size 1024K, 1 young (1024K), 1 survivors (1024K)
 Metaspace       used 41377K, committed 43008K, reserved 393216K
  class space    used 6164K, committed 6976K, reserved 327680K
GC Heap History (20 events):
Event: 462.829 GC heap after
{Heap after GC invocations=4 (full 0):
 garbage-first heap   total 262144K, used 25097K [0x00000000e0000000, 0x0000000100000000)
  region size 1024K, 13 young (13312K), 13 survivors (13312K)
 Metaspace       used 20795K, committed 21504K, reserved 393216K
  class space    used 2963K, committed 3328K, reserved 327680K
}
Event: 545.633 GC heap before
{Heap before GC invocations=5 (full 0):
 garbage-first heap   total 262144K, used 136713K [0x00000000e0000000, 0x0000000100000000)
  region size 1024K, 124 young (126976K), 13 survivors (13312K)
 Metaspace       used 34727K, committed 36160K, reserved 393216K
  class space    used 5157K, committed 5888K, reserved 327680K
}
Event: 545.727 GC heap after
{Heap after GC invocations=6 (full 0):
 garbage-first heap   total 262144K, used 31410K [0x00000000e0000000, 0x0000000100000000)
  region size 1024K, 9 young (9216K), 9 survivors (9216K)
 Metaspace       used 34727K, committed 36160K, reserved 393216K
  class space    used 5157K, committed 5888K, reserved 327680K
}
Event: 15295.618 GC heap before
{Heap before GC invocations=7 (full 0):
 garbage-first heap   total 262144K, used 177842K [0x00000000e0000000, 0x0000000100000000)
  region size 1024K, 153 young (156672K), 9 survivors (9216K)
 Metaspace       used 41373K, committed 43008K, reserved 393216K
  class space    used 6164K, committed 6976K, reserved 327680K
}
Event: 15330.280 GC heap after
{Heap after GC invocations=8 (full 0):
 garbage-first heap   total 262144K, used 36322K [0x00000000e0000000, 0x0000000100000000)
  region size 1024K, 14 young (14336K), 14 survivors (14336K)
 Metaspace       used 41373K, committed 43008K, reserved 393216K
  class space    used 6164K, committed 6976K, reserved 327680K
}
Event: 15337.395 GC heap before
{Heap before GC invocations=8 (full 0):
 garbage-first heap   total 262144K, used 37346K [0x00000000e0000000, 0x0000000100000000)
  region size 1024K, 15 young (15360K), 14 survivors (14336K)
 Metaspace       used 41373K, committed 43008K, reserved 393216K
  class space    used 6164K, committed 6976K, reserved 327680K
}
Event: 15339.284 GC heap after
{Heap after GC invocations=9 (full 0):
 garbage-first heap   total 262144K, used 37088K [0x00000000e0000000, 0x0000000100000000)
  region size 1024K, 2 young (2048K), 2 survivors (2048K)
 Metaspace       used 41373K, committed 43008K, reserved 393216K
  class space    used 6164K, committed 6976K, reserved 327680K
}
Event: 15346.291 GC heap before
{Heap before GC invocations=9 (full 0):
 garbage-first heap   total 262144K, used 47328K [0x00000000e0000000, 0x0000000100000000)
  region size 1024K, 12 young (12288K), 2 survivors (2048K)
 Metaspace       used 41376K, committed 43008K, reserved 393216K
  class space    used 6164K, committed 6976K, reserved 327680K
}
Event: 15346.486 GC heap after
{Heap after GC invocations=10 (full 0):
 garbage-first heap   total 262144K, used 36289K [0x00000000e0000000, 0x0000000100000000)
  region size 1024K, 1 young (1024K), 1 survivors (1024K)
 Metaspace       used 41376K, committed 43008K, reserved 393216K
  class space    used 6164K, committed 6976K, reserved 327680K
}
Event: 15348.521 GC heap before
{Heap before GC invocations=10 (full 0):
 garbage-first heap   total 262144K, used 47553K [0x00000000e0000000, 0x0000000100000000)
  region size 1024K, 12 young (12288K), 1 survivors (1024K)
 Metaspace       used 41376K, committed 43008K, reserved 393216K
  class space    used 6164K, committed 6976K, reserved 327680K
}
Event: 15348.754 GC heap after
{Heap after GC invocations=11 (full 0):
 garbage-first heap   total 262144K, used 36024K [0x00000000e0000000, 0x0000000100000000)
  region size 1024K, 1 young (1024K), 1 survivors (1024K)
 Metaspace       used 41376K, committed 43008K, reserved 393216K
  class space    used 6164K, committed 6976K, reserved 327680K
}
Event: 15350.442 GC heap before
{Heap before GC invocations=11 (full 0):
 garbage-first heap   total 262144K, used 47288K [0x00000000e0000000, 0x0000000100000000)
  region size 1024K, 12 young (12288K), 1 survivors (1024K)
 Metaspace       used 41376K, committed 43008K, reserved 393216K
  class space    used 6164K, committed 6976K, reserved 327680K
}
Event: 15350.690 GC heap after
{Heap after GC invocations=12 (full 0):
 garbage-first heap   total 262144K, used 36168K [0x00000000e0000000, 0x0000000100000000)
  region size 1024K, 1 young (1024K), 1 survivors (1024K)
 Metaspace       used 41376K, committed 43008K, reserved 393216K
  class space    used 6164K, committed 6976K, reserved 327680K
}
Event: 15353.139 GC heap before
{Heap before GC invocations=12 (full 0):
 garbage-first heap   total 262144K, used 47432K [0x00000000e0000000, 0x0000000100000000)
  region size 1024K, 12 young (12288K), 1 survivors (1024K)
 Metaspace       used 41376K, committed 43008K, reserved 393216K
  class space    used 6164K, committed 6976K, reserved 327680K
}
Event: 15353.272 GC heap after
{Heap after GC invocations=13 (full 0):
 garbage-first heap   total 262144K, used 36121K [0x00000000e0000000, 0x0000000100000000)
  region size 1024K, 1 young (1024K), 1 survivors (1024K)
 Metaspace       used 41376K, committed 43008K, reserved 393216K
  class space    used 6164K, committed 6976K, reserved 327680K
}
Event: 15354.568 GC heap before
{Heap before GC invocations=13 (full 0):
 garbage-first heap   total 262144K, used 47385K [0x00000000e0000000, 0x0000000100000000)
  region size 1024K, 12 young (12288K), 1 survivors (1024K)
 Metaspace       used 41376K, committed 43008K, reserved 393216K
  class space    used 6164K, committed 6976K, reserved 327680K
}
Event: 15354.626 GC heap after
{Heap after GC invocations=14 (full 0):
 garbage-first heap   total 262144K, used 35876K [0x00000000e0000000, 0x0000000100000000)
  region size 1024K, 1 young (1024K), 1 survivors (1024K)
 Metaspace       used 41376K, committed 43008K, reserved 393216K
  class space    used 6164K, committed 6976K, reserved 327680K
}
Event: 15356.652 GC heap before
{Heap before GC invocations=14 (full 0):
 garbage-first heap   total 262144K, used 47140K [0x00000000e0000000, 0x0000000100000000)
  region size 1024K, 12 young (12288K), 1 survivors (1024K)
 Metaspace       used 41377K, committed 43008K, reserved 393216K
  class space    used 6164K, committed 6976K, reserved 327680K
}
Event: 15356.872 GC heap after
{Heap after GC invocations=15 (full 0):
 garbage-first heap   total 262144K, used 35862K [0x00000000e0000000, 0x0000000100000000)
  region size 1024K, 1 young (1024K), 1 survivors (1024K)
 Metaspace       used 41377K, committed 43008K, reserved 393216K
  class space    used 6164K, committed 6976K, reserved 327680K
}
Event: 15358.444 GC heap before
{Heap before GC invocations=15 (full 0):
 garbage-first heap   total 262144K, used 47126K [0x00000000e0000000, 0x0000000100000000)
  region size 1024K, 12 young (12288K), 1 survivors (1024K)
 Metaspace       used 41377K, committed 43008K, reserved 393216K
  class space    used 6164K, committed 6976K, reserved 327680K
}

